{
  "testId" : "24-main-layout-on-ms-edge-with-wide-viewport",
  "name" : "Main layout on MS Edge with wide viewport",
  "report" : {
    "nodes" : [ {
      "status" : "info",
      "nodes" : [ {
        "name" : "RuntimeException: org.openqa.selenium.WebDriverException: Failed when trying to check whether the selenium caps were good. Your team has reached it maxiumum number of parallel automated tests (1) - please wait for a test to finish before starting a new test or <a href=\"https://crossbrowsertesting.com/pricing#plans\" target=\"_blank\">Upgrade Your Plan</a>!\nCommand duration or timeout: 359 milliseconds\nBuild info: version: 'unknown', revision: 'unknown', time: 'unknown'\nSystem info: host: 'Salems-MacBook-Pro.local', ip: '10.2.64.43', os.name: 'Mac OS X', os.arch: 'x86_64', os.version: '10.12.5', java.version: '1.8.0_131'\nDriver info: org.openqa.selenium.remote.RemoteWebDriver",
        "status" : "error",
        "time" : 1497373997061,
        "stacktrace" : "java.lang.RuntimeException: org.openqa.selenium.WebDriverException: Failed when trying to check whether the selenium caps were good. Your team has reached it maxiumum number of parallel automated tests (1) - please wait for a test to finish before starting a new test or <a href=\"https://crossbrowsertesting.com/pricing#plans\" target=\"_blank\">Upgrade Your Plan</a>!\nCommand duration or timeout: 359 milliseconds\nBuild info: version: 'unknown', revision: 'unknown', time: 'unknown'\nSystem info: host: 'Salems-MacBook-Pro.local', ip: '10.2.64.43', os.name: 'Mac OS X', os.arch: 'x86_64', os.version: '10.12.5', java.version: '1.8.0_131'\nDriver info: org.openqa.selenium.remote.RemoteWebDriver\n\tat com.galenframework.browser.SeleniumGridBrowserFactory.openBrowser(SeleniumGridBrowserFactory.java:70)\n\tat com.galenframework.runner.GalenBasicTestRunner.runTest(GalenBasicTestRunner.java:73)\n\tat com.galenframework.tests.GalenBasicTest.execute(GalenBasicTest.java:55)\n\tat com.galenframework.TestRunnable.runTest(TestRunnable.java:75)\n\tat com.galenframework.TestRunnable.run(TestRunnable.java:101)\n\tat java.util.concurrent.ThreadPoolExecutor.runWorker(ThreadPoolExecutor.java:1142)\n\tat java.util.concurrent.ThreadPoolExecutor$Worker.run(ThreadPoolExecutor.java:617)\n\tat java.lang.Thread.run(Thread.java:748)\nCaused by: org.openqa.selenium.WebDriverException: Failed when trying to check whether the selenium caps were good. Your team has reached it maxiumum number of parallel automated tests (1) - please wait for a test to finish before starting a new test or <a href=\"https://crossbrowsertesting.com/pricing#plans\" target=\"_blank\">Upgrade Your Plan</a>!\nCommand duration or timeout: 359 milliseconds\nBuild info: version: 'unknown', revision: 'unknown', time: 'unknown'\nSystem info: host: 'Salems-MacBook-Pro.local', ip: '10.2.64.43', os.name: 'Mac OS X', os.arch: 'x86_64', os.version: '10.12.5', java.version: '1.8.0_131'\nDriver info: org.openqa.selenium.remote.RemoteWebDriver\n\tat sun.reflect.GeneratedConstructorAccessor18.newInstance(Unknown Source)\n\tat sun.reflect.DelegatingConstructorAccessorImpl.newInstance(DelegatingConstructorAccessorImpl.java:45)\n\tat java.lang.reflect.Constructor.newInstance(Constructor.java:423)\n\tat org.openqa.selenium.remote.ErrorHandler.createThrowable(ErrorHandler.java:206)\n\tat org.openqa.selenium.remote.ErrorHandler.throwIfResponseFailed(ErrorHandler.java:158)\n\tat org.openqa.selenium.remote.RemoteWebDriver.execute(RemoteWebDriver.java:678)\n\tat org.openqa.selenium.remote.RemoteWebDriver.startSession(RemoteWebDriver.java:249)\n\tat org.openqa.selenium.remote.RemoteWebDriver.<init>(RemoteWebDriver.java:131)\n\tat org.openqa.selenium.remote.RemoteWebDriver.<init>(RemoteWebDriver.java:158)\n\tat com.galenframework.browser.SeleniumGridBrowserFactory.openBrowser(SeleniumGridBrowserFactory.java:65)\n\t... 7 more\n",
        "type" : "node"
      } ],
      "time" : 1497373996700,
      "type" : "node"
    } ]
  }
}